<?xml version="1.0" encoding="UTF-8"?>
<!-- Generated by org.testng.reporters.JUnitReportReporter -->
<testsuite hostname="MBPasa.local" name="example.NewTest2" tests="1" failures="0" timestamp="1 Feb 2016 08:17:10 GMT" time="5.643" errors="0">
  <testcase name="f" time="5.643" classname="example.NewTest2"/>
</testsuite> <!-- example.NewTest2 -->
