<?xml version="1.0" encoding="UTF-8"?>
<!-- Generated by org.testng.reporters.JUnitReportReporter -->
<testsuite hostname="MBPasa.local" name="example.NewTest2" tests="1" failures="0" timestamp="1 Feb 2016 10:09:24 GMT" time="6.288" errors="0">
  <testcase name="f" time="6.288" classname="example.NewTest2"/>
</testsuite> <!-- example.NewTest2 -->
